<?xml version="1.0" encoding="UTF-8"?>
<testng-results ignored="0" total="1" passed="1" failed="0" skipped="0">
  <reporter-output>
  </reporter-output>
  <suite started-at="2020-04-01T04:40:40Z" name="Default suite" finished-at="2020-04-01T04:41:01Z" duration-ms="20778">
    <groups>
    </groups>
    <test started-at="2020-04-01T04:40:40Z" name="Default test" finished-at="2020-04-01T04:41:01Z" duration-ms="20778">
      <class name="blackdog_automation.tests.To_verify_if_user_can_go_to_next_page">
        <test-method signature="To_verify_if_user_can_go_to_next_page()[pri:0, instance:blackdog_automation.tests.To_verify_if_user_can_go_to_next_page@3daa422a]" started-at="2020-04-01T04:40:41Z" name="To_verify_if_user_can_go_to_next_page" finished-at="2020-04-01T04:41:01Z" duration-ms="20723" status="PASS">
          <reporter-output>
          </reporter-output>
        </test-method> <!-- To_verify_if_user_can_go_to_next_page -->
        <test-method is-config="true" signature="closing_browser()[pri:0, instance:blackdog_automation.tests.To_verify_if_user_can_go_to_next_page@3daa422a]" started-at="2020-04-01T04:41:01Z" name="closing_browser" finished-at="2020-04-01T04:41:01Z" duration-ms="0" status="PASS">
          <reporter-output>
          </reporter-output>
        </test-method> <!-- closing_browser -->
      </class> <!-- blackdog_automation.tests.To_verify_if_user_can_go_to_next_page -->
    </test> <!-- Default test -->
  </suite> <!-- Default suite -->
</testng-results>
